<?xml version="1.0" encoding="UTF-8"?>
<!-- Generated by org.testng.reporters.JUnitXMLReporter -->
<testsuite hostname="LAP00050" ignored="1" name="Security" tests="2" failures="0" timestamp="2020-05-20T13:32:40 CAT" time="0.014" errors="0">
  <testcase name="Demo" time="0.002" classname="TestPackage.TestNG_Lecture1"/>
  <testcase name="Pavement" time="0.003" classname="TestPackage.TestNG_Lecture1"/>
  <testcase name="Landscape" time="0.0" classname="TestPackage.TestNG_Lecture1">
    <ignored/>
  </testcase> <!-- Landscape -->
</testsuite> <!-- Security -->
