<?xml version="1.0" encoding="UTF-8"?>
<!-- Generated by org.testng.reporters.JUnitXMLReporter -->
<testsuite hostname="LAP00050" ignored="0" name="TestSuite" tests="6" failures="2" timestamp="2020-05-20T13:39:53 CAT" time="0.07" errors="0">
  <testcase name="Maxidoor" time="0.012" classname="TestPackage.TestNg_Lecture2">
    <failure type="java.lang.AssertionError" message="expected [MaxidoorUltra Instllation] but found [Maxidoor Ultra Instllation]">
      <![CDATA[java.lang.AssertionError: expected [MaxidoorUltra Instllation] but found [Maxidoor Ultra Instllation]
at TestPackage.TestNg_Lecture2.Maxidoor(TestNg_Lecture2.java:13)
at java.util.ArrayList.forEach(Unknown Source)
... Removed 32 stack frames]]>
    </failure>
  </testcase> <!-- Maxidoor -->
  <testcase name="PaintCuboards" time="0.001" classname="TestPackage.TestNg_Lecture2"/>
  <testcase name="bathroom" time="0.001" classname="TestPackage.TestNG_Lecture3">
    <failure type="java.lang.AssertionError" message="expected [Our Bathroom Will Look AmazinG] but found [Our Bathroom Will Look Amazing]">
      <![CDATA[java.lang.AssertionError: expected [Our Bathroom Will Look AmazinG] but found [Our Bathroom Will Look Amazing]
at TestPackage.TestNG_Lecture3.bathroom(TestNG_Lecture3.java:19)
at java.util.ArrayList.forEach(Unknown Source)
... Removed 32 stack frames]]>
    </failure>
  </testcase> <!-- bathroom -->
  <testcase name="Demo" time="0.001" classname="TestPackage.TestNG_Lecture1"/>
  <testcase name="Landscape" time="0.001" classname="TestPackage.TestNG_Lecture1"/>
  <testcase name="Pavement" time="0.001" classname="TestPackage.TestNG_Lecture1"/>
</testsuite> <!-- TestSuite -->
