<?xml version="1.0" encoding="UTF-8"?>
<!-- Generated by org.testng.reporters.JUnitXMLReporter -->
<testsuite hostname="LAP00050" ignored="0" name="Test" tests="6" failures="0" timestamp="2020-05-18T15:43:32 CAT" time="0.05" errors="0">
  <testcase name="Maxidoor" time="0.007" classname="TestPackage.TestNg_Lecture2"/>
  <testcase name="PaintCuboards" time="0.001" classname="TestPackage.TestNg_Lecture2"/>
  <testcase name="bathroom" time="0.001" classname="TestPackage.TestNG_Lecture3"/>
  <testcase name="Demo" time="0.001" classname="TestPackage.TestNG_Lecture1"/>
  <testcase name="Landscape" time="0.001" classname="TestPackage.TestNG_Lecture1"/>
  <testcase name="Pavement" time="0.0" classname="TestPackage.TestNG_Lecture1"/>
</testsuite> <!-- Test -->
