<?xml version="1.0" encoding="UTF-8"?>
<!-- Generated by org.testng.reporters.JUnitXMLReporter -->
<testsuite hostname="LAP00050" ignored="0" name="Default test" tests="4" failures="0" timestamp="2021-04-06T14:41:45 CAT" time="0.059" errors="0">
  <testcase name="LampPost" time="0.008" classname="TestPackage.TestNG_Lecture1"/>
  <testcase name="Landscape" time="0.001" classname="TestPackage.TestNG_Lecture1"/>
  <testcase name="Pavement" time="0.001" classname="TestPackage.TestNG_Lecture1"/>
  <testcase name="House" time="0.001" classname="TestPackage.TestNG_Lecture1"/>
</testsuite> <!-- Default test -->
