<?xml version="1.0" encoding="UTF-8"?>
<!-- Generated by org.testng.reporters.JUnitXMLReporter -->
<testsuite hostname="LAP00050" ignored="0" name="Renovations" tests="6" failures="2" timestamp="2020-05-18T15:53:13 CAT" time="0.063" errors="0">
  <testcase name="Maxidoor" time="0.007" classname="TestPackage.TestNg_Lecture2">
    <failure type="java.lang.Error" message="Unresolved compilation problem: 
	string cannot be resolved to a type
">
      <![CDATA[java.lang.Error: Unresolved compilation problem: 
string cannot be resolved to a type

at TestPackage.TestNg_Lecture2.Maxidoor(TestNg_Lecture2.java:12)
at java.util.ArrayList.forEach(Unknown Source)
... Removed 27 stack frames]]>
    </failure>
  </testcase> <!-- Maxidoor -->
  <testcase name="PaintCuboards" time="0.002" classname="TestPackage.TestNg_Lecture2"/>
  <testcase name="bathroom" time="0.003" classname="TestPackage.TestNG_Lecture3">
    <failure type="java.lang.AssertionError" message="expected [Our Bathroom Will Look AmazinG] but found [Our Bathroom Will Look Amazing]">
      <![CDATA[java.lang.AssertionError: expected [Our Bathroom Will Look AmazinG] but found [Our Bathroom Will Look Amazing]
at TestPackage.TestNG_Lecture3.bathroom(TestNG_Lecture3.java:19)
at java.util.ArrayList.forEach(Unknown Source)
... Removed 32 stack frames]]>
    </failure>
  </testcase> <!-- bathroom -->
  <testcase name="Demo" time="0.001" classname="TestPackage.TestNG_Lecture1"/>
  <testcase name="Landscape" time="0.0" classname="TestPackage.TestNG_Lecture1"/>
  <testcase name="Pavement" time="0.001" classname="TestPackage.TestNG_Lecture1"/>
</testsuite> <!-- Renovations -->
