<?xml version="1.0" encoding="UTF-8"?>
<!-- Generated by org.testng.reporters.JUnitXMLReporter -->
<testsuite hostname="LAP00050" ignored="0" name="ListnersNG" tests="5" failures="4" timestamp="2020-06-15T16:20:49 CAT" time="0.056" errors="0">
  <testcase name="SourceCodeFalure" time="0.01" classname="TestPackage.ListernerExecute">
    <failure type="java.lang.AssertionError" message="expected [F@!l] but found [fail]">
      <![CDATA[java.lang.AssertionError: expected [F@!l] but found [fail]
at TestPackage.ListernerExecute.SourceCodeFalure(ListernerExecute.java:20)
at java.util.ArrayList.forEach(Unknown Source)
... Removed 32 stack frames]]>
    </failure>
  </testcase> <!-- SourceCodeFalure -->
  <testcase name="SourceCodeFalureB" time="0.001" classname="TestPackage.ListernerExecute">
    <failure type="java.lang.AssertionError" message="expected [F@!l] but found [fail]">
      <![CDATA[java.lang.AssertionError: expected [F@!l] but found [fail]
at TestPackage.ListernerExecute.SourceCodeFalureB(ListernerExecute.java:27)
at java.util.ArrayList.forEach(Unknown Source)
... Removed 32 stack frames]]>
    </failure>
  </testcase> <!-- SourceCodeFalureB -->
  <testcase name="SourceCodeFalureC" time="0.002" classname="TestPackage.ListernerExecute">
    <failure type="java.lang.AssertionError" message="expected [F@!l] but found [fail]">
      <![CDATA[java.lang.AssertionError: expected [F@!l] but found [fail]
at TestPackage.ListernerExecute.SourceCodeFalureC(ListernerExecute.java:34)
at java.util.ArrayList.forEach(Unknown Source)
... Removed 32 stack frames]]>
    </failure>
  </testcase> <!-- SourceCodeFalureC -->
  <testcase name="SourceCodeFalureE" time="0.001" classname="TestPackage.ListernerExecute">
    <failure type="java.lang.AssertionError" message="expected [F@!l] but found [fail]">
      <![CDATA[java.lang.AssertionError: expected [F@!l] but found [fail]
at TestPackage.ListernerExecute.SourceCodeFalureE(ListernerExecute.java:41)
at java.util.ArrayList.forEach(Unknown Source)
... Removed 32 stack frames]]>
    </failure>
  </testcase> <!-- SourceCodeFalureE -->
  <testcase name="SucessCodeSucess" time="0.001" classname="TestPackage.ListernerExecute"/>
</testsuite> <!-- ListnersNG -->
