<?xml version="1.0" encoding="UTF-8"?>
<!-- Generated by org.testng.reporters.JUnitXMLReporter -->
<testsuite hostname="LAP00050" ignored="0" name="Parallel" tests="5" failures="3" timestamp="2020-09-11T18:39:04 CAT" time="0.116" errors="0">
  <testcase name="AboutMenu" time="0.022" classname="TestPackage.ListenerParalell"/>
  <testcase name="HelpMenu" time="0.004" classname="TestPackage.ListenerParalell">
    <failure type="java.lang.AssertionError" message="expected [F@!l] but found [fail]">
      <![CDATA[java.lang.AssertionError: expected [F@!l] but found [fail]
at TestPackage.ListenerParalell.HelpMenu(ListenerParalell.java:20)
at java.util.ArrayList.forEach(Unknown Source)
at java.util.concurrent.FutureTask.run(Unknown Source)
at java.util.concurrent.ThreadPoolExecutor.runWorker(Unknown Source)
at java.util.concurrent.ThreadPoolExecutor$Worker.run(Unknown Source)
at java.lang.Thread.run(Unknown Source)
... Removed 23 stack frames]]>
    </failure>
  </testcase> <!-- HelpMenu -->
  <testcase name="Login" time="0.002" classname="TestPackage.ListenerParalell"/>
  <testcase name="Subscriptions" time="0.0" classname="TestPackage.ListenerParalell">
    <failure type="java.lang.AssertionError" message="expected [F@!l] but found [fail]">
      <![CDATA[java.lang.AssertionError: expected [F@!l] but found [fail]
at TestPackage.ListenerParalell.Subscriptions(ListenerParalell.java:34)
at java.util.ArrayList.forEach(Unknown Source)
at java.util.concurrent.FutureTask.run(Unknown Source)
at java.util.concurrent.ThreadPoolExecutor.runWorker(Unknown Source)
at java.util.concurrent.ThreadPoolExecutor$Worker.run(Unknown Source)
at java.lang.Thread.run(Unknown Source)
... Removed 23 stack frames]]>
    </failure>
  </testcase> <!-- Subscriptions -->
  <testcase name="Users" time="0.002" classname="TestPackage.ListenerParalell">
    <failure type="java.lang.AssertionError" message="expected [F@!l] but found [fail]">
      <![CDATA[java.lang.AssertionError: expected [F@!l] but found [fail]
at TestPackage.ListenerParalell.Users(ListenerParalell.java:41)
at java.util.ArrayList.forEach(Unknown Source)
at java.util.concurrent.FutureTask.run(Unknown Source)
at java.util.concurrent.ThreadPoolExecutor.runWorker(Unknown Source)
at java.util.concurrent.ThreadPoolExecutor$Worker.run(Unknown Source)
at java.lang.Thread.run(Unknown Source)
... Removed 23 stack frames]]>
    </failure>
  </testcase> <!-- Users -->
</testsuite> <!-- Parallel -->
