<?xml version="1.0" encoding="UTF-8"?>
<!-- Generated by org.testng.reporters.JUnitXMLReporter -->
<testsuite hostname="LAP00050" ignored="0" name="SmokeTesting" tests="9" failures="0" timestamp="2020-05-21T12:39:17 CAT" time="0.054" errors="0">
  <testcase name="KidzRoom" time="0.005" classname="TestPackage.TestNG_Lecture3"/>
  <testcase name="bathroom" time="0.002" classname="TestPackage.TestNG_Lecture3"/>
  <testcase name="Marcodoor" time="0.0" classname="TestPackage.TestNG_Lecture2"/>
  <testcase name="Markdoor" time="0.001" classname="TestPackage.TestNG_Lecture2"/>
  <testcase name="Maxidoor" time="0.002" classname="TestPackage.TestNG_Lecture2"/>
  <testcase name="House" time="0.001" classname="TestPackage.TestNG_Lecture1"/>
  <testcase name="LampPost" time="0.001" classname="TestPackage.TestNG_Lecture1"/>
  <testcase name="Landscape" time="0.001" classname="TestPackage.TestNG_Lecture1"/>
  <testcase name="Pavement" time="0.001" classname="TestPackage.TestNG_Lecture1"/>
</testsuite> <!-- SmokeTesting -->
