<?xml version="1.0" encoding="UTF-8"?>
<!-- Generated by org.testng.reporters.JUnitXMLReporter -->
<testsuite hostname="LAPTOP-37R1BT8F" ignored="3" name="Smoke" tests="11" failures="0" timestamp="2021-04-09T13:39:05 CAT" time="0.357" errors="0">
  <testcase name="LampPost" time="0.027" classname="TestPackage.TestNG_Lecture1"/>
  <testcase name="Landscape" time="0.008" classname="TestPackage.TestNG_Lecture1"/>
  <testcase name="Pavement" time="0.007" classname="TestPackage.TestNG_Lecture1"/>
  <testcase name="House" time="0.006" classname="TestPackage.TestNG_Lecture1"/>
  <testcase name="Marcodoor" time="0.004" classname="TestPackage.TestNG_Lecture2"/>
  <testcase name="Maxidoor" time="0.008" classname="TestPackage.TestNG_Lecture2"/>
  <testcase name="GrassCombinationData" time="0.008" classname="TestPackage.TestNGAnnotationHelp"/>
  <testcase name="GrassCombinationData" time="0.013" classname="TestPackage.TestNGAnnotationHelp"/>
  <testcase name="GrassCombinationData" time="0.017" classname="TestPackage.TestNGAnnotationHelp"/>
  <testcase name="MethodC" time="0.007" classname="TestPackage.TestNGAnnotationHelp"/>
  <testcase name="MethodA" time="0.005" classname="TestPackage.TestNGAnnotationHelp"/>
  <testcase name="Markdoor" time="0.0" classname="TestPackage.TestNG_Lecture2">
    <ignored/>
  </testcase> <!-- Markdoor -->
  <testcase name="MethodD" time="0.0" classname="TestPackage.TestNGAnnotationHelp">
    <ignored/>
  </testcase> <!-- MethodD -->
  <testcase name="MethodB" time="0.0" classname="TestPackage.TestNGAnnotationHelp">
    <ignored/>
  </testcase> <!-- MethodB -->
</testsuite> <!-- Smoke -->
