<?xml version="1.0" encoding="UTF-8"?>
<!-- Generated by org.testng.reporters.JUnitXMLReporter -->
<testsuite hostname="LAP00050" ignored="4" name="Smoke" tests="4" failures="0" timestamp="2020-09-10T18:59:08 CAT" time="0.126" errors="0">
  <testcase name="Landscape" time="0.013" classname="TestPackage.TestNG_Lecture1"/>
  <testcase name="Pavement" time="0.003" classname="TestPackage.TestNG_Lecture1"/>
  <testcase name="House" time="0.002" classname="TestPackage.TestNG_Lecture1"/>
  <testcase name="Maxidoor" time="0.009" classname="TestPackage.TestNG_Lecture2"/>
  <testcase name="Markdoor" time="0.0" classname="TestPackage.TestNG_Lecture2">
    <ignored/>
  </testcase> <!-- Markdoor -->
  <testcase name="LampPost" time="0.0" classname="TestPackage.TestNG_Lecture1">
    <ignored/>
  </testcase> <!-- LampPost -->
  <testcase name="bathroom" time="0.0" classname="TestPackage.TestNG_Lecture3">
    <ignored/>
  </testcase> <!-- bathroom -->
  <testcase name="Marcodoor" time="0.0" classname="TestPackage.TestNG_Lecture2">
    <ignored/>
  </testcase> <!-- Marcodoor -->
</testsuite> <!-- Smoke -->
