<?xml version="1.0" encoding="UTF-8"?>
<!-- Generated by org.testng.reporters.JUnitXMLReporter -->
<testsuite hostname="LAP00050" ignored="2" name="Improvements" tests="3" failures="0" timestamp="2020-05-21T12:34:36 CAT" time="0.037" errors="0">
  <testcase name="Marcodoor" time="0.006" classname="TestPackage.TestNG_Lecture2"/>
  <testcase name="Markdoor" time="0.001" classname="TestPackage.TestNG_Lecture2"/>
  <testcase name="KidzRoom" time="0.001" classname="TestPackage.TestNG_Lecture3"/>
  <testcase name="bathroom" time="0.0" classname="TestPackage.TestNG_Lecture3">
    <ignored/>
  </testcase> <!-- bathroom -->
  <testcase name="Maxidoor" time="0.0" classname="TestPackage.TestNG_Lecture2">
    <ignored/>
  </testcase> <!-- Maxidoor -->
</testsuite> <!-- Improvements -->
