<?xml version="1.0" encoding="UTF-8"?>
<!-- Generated by org.testng.reporters.JUnitXMLReporter -->
<testsuite hostname="LAP00050" ignored="2" name="Renovation" tests="2" failures="0" timestamp="2020-05-21T12:34:36 CAT" time="0.008" errors="0">
  <testcase name="House" time="0.001" classname="TestPackage.TestNG_Lecture1"/>
  <testcase name="Pavement" time="0.002" classname="TestPackage.TestNG_Lecture1"/>
  <testcase name="LampPost" time="0.0" classname="TestPackage.TestNG_Lecture1">
    <ignored/>
  </testcase> <!-- LampPost -->
  <testcase name="Landscape" time="0.0" classname="TestPackage.TestNG_Lecture1">
    <ignored/>
  </testcase> <!-- Landscape -->
</testsuite> <!-- Renovation -->
